<?xml version="1.0" encoding="UTF-8"?>
<!-- Generated by org.testng.reporters.JUnitReportReporter -->
<testsuite hostname="DESKTOP-E7EAK3R" failures="0" tests="1" name="dynamicCoding_Test.greenKart_Test" time="54.685" errors="0" timestamp="2023-09-25T18:37:00 BDT" skipped="0">
  <testcase classname="dynamicCoding_Test.greenKart_Test" name="validTest" time="54.685"/>
  <system-out/>
</testsuite> <!-- dynamicCoding_Test.greenKart_Test -->
